This is pdfTeX, Version 3.14159265-2.6-1.40.16 (TeX Live 2015) (preloaded format=pdflatex 2015.10.14)  22 MAY 2023 16:04
entering extended mode
 restricted \write18 enabled.
 file:line:error style messages enabled.
 %&-line parsing enabled.
**PScaller.tex
(./PScaller.tex
LaTeX2e <2015/01/01>
Babel <3.9l> and hyphenation patterns for 79 languages loaded.
(/usr/local/texlive/2015/texmf-dist/tex/latex/base/article.cls
Document Class: article 2014/09/29 v1.4h Standard LaTeX document class
(/usr/local/texlive/2015/texmf-dist/tex/latex/base/size11.clo
File: size11.clo 2014/09/29 v1.4h Standard LaTeX file (size option)
)
\c@part=\count79
\c@section=\count80
\c@subsection=\count81
\c@subsubsection=\count82
\c@paragraph=\count83
\c@subparagraph=\count84
\c@figure=\count85
\c@table=\count86
\abovecaptionskip=\skip41
\belowcaptionskip=\skip42
\bibindent=\dimen102
)
(/usr/local/texlive/2015/texmf-dist/tex/latex/base/inputenc.sty
Package: inputenc 2015/03/17 v1.2c Input encoding file
\inpenc@prehook=\toks14
\inpenc@posthook=\toks15

(/usr/local/texlive/2015/texmf-dist/tex/latex/base/latin1.def
File: latin1.def 2015/03/17 v1.2c Input encoding file
))
(/usr/local/texlive/2015/texmf-dist/tex/latex/psnfss/times.sty
Package: times 2005/04/12 PSNFSS-v9.2a (SPQR) 
)
(/usr/local/texlive/2015/texmf-dist/tex/latex/base/fontenc.sty
Package: fontenc 2005/09/27 v1.99g Standard LaTeX package

(/usr/local/texlive/2015/texmf-dist/tex/latex/base/t1enc.def
File: t1enc.def 2005/09/27 v1.99g Standard LaTeX file
LaTeX Font Info:    Redeclaring font encoding T1 on input line 48.
))
(/usr/local/texlive/2015/texmf-dist/tex/generic/babel/babel.sty
Package: babel 2014/09/25 3.9l The Babel package

(/usr/local/texlive/2015/texmf-dist/tex/generic/babel-english/english.ldf
Language: english 2012/08/20 v3.3p English support from the babel system

(/usr/local/texlive/2015/texmf-dist/tex/generic/babel/babel.def
File: babel.def 2014/09/25 3.9l Babel common definitions
\babel@savecnt=\count87
\U@D=\dimen103
)
\l@canadian = a dialect from \language\l@american 
\l@australian = a dialect from \language\l@british 
\l@newzealand = a dialect from \language\l@british 
))
(/usr/local/texlive/2015/texmf-dist/tex/latex/base/latexsym.sty
Package: latexsym 1998/08/17 v2.2e Standard LaTeX package (lasy symbols)
\symlasy=\mathgroup4
LaTeX Font Info:    Overwriting symbol font `lasy' in version `bold'
(Font)                  U/lasy/m/n --> U/lasy/b/n on input line 52.
)
(/usr/local/texlive/2015/texmf-dist/tex/latex/tipa/tipa.sty
Package: tipa 2002/08/08 TIPA version 1.1

(/usr/local/texlive/2015/texmf-dist/tex/latex/base/fontenc.sty
Package: fontenc 2005/09/27 v1.99g Standard LaTeX package

(/usr/local/texlive/2015/texmf-dist/tex/latex/tipa/t3enc.def
File: t3enc.def 2001/12/31 T3 encoding
LaTeX Font Info:    Try loading font information for T1+phv on input line 357.

(/usr/local/texlive/2015/texmf-dist/tex/latex/psnfss/t1phv.fd
File: t1phv.fd 2001/06/04 scalable font definitions for T1/phv.
))
(/usr/local/texlive/2015/texmf-dist/tex/latex/base/t1enc.def
File: t1enc.def 2005/09/27 v1.99g Standard LaTeX file
LaTeX Font Info:    Redeclaring font encoding T1 on input line 48.
)))
(/usr/local/texlive/2015/texmf-dist/tex/generic/pictex/pictex.sty
(/usr/local/texlive/2015/texmf-dist/tex/generic/pictex/prepictex.tex)
(/usr/local/texlive/2015/texmf-dist/tex/generic/pictex/pictex.tex)
(/usr/local/texlive/2015/texmf-dist/tex/generic/pictex/postpictex.tex)
(/usr/local/texlive/2015/texmf-dist/tex/generic/pictex/picmore.tex)
(/usr/local/texlive/2015/texmf-dist/tex/generic/pictex/piccorr.sty))
(/usr/local/texlive/2015/texmf-dist/tex/latex/natbib/natbib.sty
Package: natbib 2010/09/13 8.31b (PWD, AO)
\bibhang=\skip43
\bibsep=\skip44
LaTeX Info: Redefining \cite on input line 694.
\c@NAT@ctr=\count104
)
(/usr/local/texlive/2015/texmf-dist/tex/latex/amsmath/amsmath.sty
Package: amsmath 2013/01/14 v2.14 AMS math features
\@mathmargin=\skip45

For additional information on amsmath, use the `?' option.
(/usr/local/texlive/2015/texmf-dist/tex/latex/amsmath/amstext.sty
Package: amstext 2000/06/29 v2.01

(/usr/local/texlive/2015/texmf-dist/tex/latex/amsmath/amsgen.sty
File: amsgen.sty 1999/11/30 v2.0
\@emptytoks=\toks19
\ex@=\dimen214
))
(/usr/local/texlive/2015/texmf-dist/tex/latex/amsmath/amsbsy.sty
Package: amsbsy 1999/11/29 v1.2d
\pmbraise@=\dimen215
)
(/usr/local/texlive/2015/texmf-dist/tex/latex/amsmath/amsopn.sty
Package: amsopn 1999/12/14 v2.01 operator names
)
\inf@bad=\count105
LaTeX Info: Redefining \frac on input line 210.
\uproot@=\count106
\leftroot@=\count107
LaTeX Info: Redefining \overline on input line 306.
\classnum@=\count108
\DOTSCASE@=\count109
LaTeX Info: Redefining \ldots on input line 378.
LaTeX Info: Redefining \dots on input line 381.
LaTeX Info: Redefining \cdots on input line 466.
\Mathstrutbox@=\box32
\strutbox@=\box33
\big@size=\dimen216
LaTeX Font Info:    Redeclaring font encoding OML on input line 566.
LaTeX Font Info:    Redeclaring font encoding OMS on input line 567.
\macc@depth=\count110
\c@MaxMatrixCols=\count111
\dotsspace@=\muskip10
\c@parentequation=\count112
\dspbrk@lvl=\count113
\tag@help=\toks20
\row@=\count114
\column@=\count115
\maxfields@=\count116
\andhelp@=\toks21
\eqnshift@=\dimen217
\alignsep@=\dimen218
\tagshift@=\dimen219
\tagwidth@=\dimen220
\totwidth@=\dimen221
\lineht@=\dimen222
\@envbody=\toks22
\multlinegap=\skip46
\multlinetaggap=\skip47
\mathdisplay@stack=\toks23
LaTeX Info: Redefining \[ on input line 2665.
LaTeX Info: Redefining \] on input line 2666.
)
(/usr/local/texlive/2015/texmf-dist/tex/latex/amsfonts/amssymb.sty
Package: amssymb 2013/01/14 v3.01 AMS font symbols

(/usr/local/texlive/2015/texmf-dist/tex/latex/amsfonts/amsfonts.sty
Package: amsfonts 2013/01/14 v3.01 Basic AMSFonts support
\symAMSa=\mathgroup5
\symAMSb=\mathgroup6
LaTeX Font Info:    Overwriting math alphabet `\mathfrak' in version `bold'
(Font)                  U/euf/m/n --> U/euf/b/n on input line 106.
))
(/usr/local/texlive/2015/texmf-dist/tex/latex/graphics/color.sty
Package: color 2014/10/28 v1.1a Standard LaTeX Color (DPC)

(/usr/local/texlive/2015/texmf-dist/tex/latex/latexconfig/color.cfg
File: color.cfg 2007/01/18 v1.5 color configuration of teTeX/TeXLive
)
Package color Info: Driver file: pdftex.def on input line 142.

(/usr/local/texlive/2015/texmf-dist/tex/latex/pdftex-def/pdftex.def
File: pdftex.def 2011/05/27 v0.06d Graphics/color for pdfTeX

(/usr/local/texlive/2015/texmf-dist/tex/generic/oberdiek/infwarerr.sty
Package: infwarerr 2010/04/08 v1.3 Providing info/warning/error messages (HO)
)
(/usr/local/texlive/2015/texmf-dist/tex/generic/oberdiek/ltxcmds.sty
Package: ltxcmds 2011/11/09 v1.22 LaTeX kernel commands for general use (HO)
)
\Gread@gobject=\count117
)
(/usr/local/texlive/2015/texmf-dist/tex/latex/graphics/dvipsnam.def
File: dvipsnam.def 2014/10/14 v3.0j Driver-dependent file (DPC,SPQR)
))
(/usr/local/texlive/2015/texmf-dist/tex/latex/graphics/graphicx.sty
Package: graphicx 2014/10/28 v1.0g Enhanced LaTeX Graphics (DPC,SPQR)

(/usr/local/texlive/2015/texmf-dist/tex/latex/graphics/keyval.sty
Package: keyval 2014/10/28 v1.15 key=value parser (DPC)
\KV@toks@=\toks24
)
(/usr/local/texlive/2015/texmf-dist/tex/latex/graphics/graphics.sty
Package: graphics 2014/10/28 v1.0p Standard LaTeX Graphics (DPC,SPQR)

(/usr/local/texlive/2015/texmf-dist/tex/latex/graphics/trig.sty
Package: trig 1999/03/16 v1.09 sin cos tan (DPC)
)
(/usr/local/texlive/2015/texmf-dist/tex/latex/latexconfig/graphics.cfg
File: graphics.cfg 2010/04/23 v1.9 graphics configuration of TeX Live
)
Package graphics Info: Driver file: pdftex.def on input line 94.
)
\Gin@req@height=\dimen223
\Gin@req@width=\dimen224
)
(/usr/local/texlive/2015/texmf-dist/tex/latex/tools/verbatim.sty
Package: verbatim 2014/10/28 v1.5q LaTeX2e package for verbatim enhancements
\every@verbatim=\toks25
\verbatim@line=\toks26
\verbatim@in@stream=\read1
)
(/usr/local/texlive/2015/texmf-dist/tex/latex/tools/xr.sty
Package: xr 1994/05/28 v5.02 eXternal References (DPC)
)
(/usr/local/texlive/2015/texmf-dist/tex/latex/setspace/setspace.sty
Package: setspace 2011/12/19 v6.7a set line spacing
)
(/usr/local/texlive/2015/texmf-dist/tex/latex/framed/framed.sty
Package: framed 2011/10/22 v 0.96: framed or shaded text with page breaks
\OuterFrameSep=\skip48
\fb@frw=\dimen225
\fb@frh=\dimen226
\FrameRule=\dimen227
\FrameSep=\dimen228
)
(/usr/local/texlive/2015/texmf-dist/tex/latex/cancel/cancel.sty
Package: cancel 2013/04/12 v2.2 Cancel math terms
)
(/usr/local/texlive/2015/texmf-dist/tex/latex/caption/subcaption.sty
Package: subcaption 2013/02/03 v1.1-62 Sub-captions (AR)

(/usr/local/texlive/2015/texmf-dist/tex/latex/caption/caption.sty
Package: caption 2013/05/02 v3.3-89 Customizing captions (AR)

(/usr/local/texlive/2015/texmf-dist/tex/latex/caption/caption3.sty
Package: caption3 2013/05/02 v1.6-88 caption3 kernel (AR)
Package caption3 Info: TeX engine: e-TeX on input line 57.
\captionmargin=\dimen229
\captionmargin@=\dimen230
\captionwidth=\dimen231
\caption@tempdima=\dimen232
\caption@indent=\dimen233
\caption@parindent=\dimen256
\caption@hangindent=\dimen257
)
\c@ContinuedFloat=\count118
)
\c@subfigure=\count119
\c@subtable=\count120
)
(./PScaller.aux)
\openout1 = `PScaller.aux'.

LaTeX Font Info:    Checking defaults for OML/cmm/m/it on input line 33.
LaTeX Font Info:    ... okay on input line 33.
LaTeX Font Info:    Checking defaults for T1/cmr/m/n on input line 33.
LaTeX Font Info:    ... okay on input line 33.
LaTeX Font Info:    Checking defaults for OT1/cmr/m/n on input line 33.
LaTeX Font Info:    ... okay on input line 33.
LaTeX Font Info:    Checking defaults for OMS/cmsy/m/n on input line 33.
LaTeX Font Info:    ... okay on input line 33.
LaTeX Font Info:    Checking defaults for OMX/cmex/m/n on input line 33.
LaTeX Font Info:    ... okay on input line 33.
LaTeX Font Info:    Checking defaults for U/cmr/m/n on input line 33.
LaTeX Font Info:    ... okay on input line 33.
LaTeX Font Info:    Checking defaults for T3/cmr/m/n on input line 33.
LaTeX Font Info:    Try loading font information for T3+cmr on input line 33.
 (/usr/local/texlive/2015/texmf-dist/tex/latex/tipa/t3cmr.fd
File: t3cmr.fd 2001/12/31 TIPA font definitions
)
LaTeX Font Info:    ... okay on input line 33.
LaTeX Font Info:    Try loading font information for T1+ptm on input line 33.

(/usr/local/texlive/2015/texmf-dist/tex/latex/psnfss/t1ptm.fd
File: t1ptm.fd 2001/06/04 font definitions for T1/ptm.
)
(/usr/local/texlive/2015/texmf-dist/tex/context/base/supp-pdf.mkii
[Loading MPS to PDF converter (version 2006.09.02).]
\scratchcounter=\count121
\scratchdimen=\dimen258
\scratchbox=\box34
\nofMPsegments=\count122
\nofMParguments=\count123
\everyMPshowfont=\toks27
\MPscratchCnt=\count124
\MPscratchDim=\dimen259
\MPnumerator=\count125
\makeMPintoPDFobject=\count126
\everyMPtoPDFconversion=\toks28
) (/usr/local/texlive/2015/texmf-dist/tex/generic/oberdiek/pdftexcmds.sty
Package: pdftexcmds 2011/11/29 v0.20 Utility functions of pdfTeX for LuaTeX (HO
)

(/usr/local/texlive/2015/texmf-dist/tex/generic/oberdiek/ifluatex.sty
Package: ifluatex 2010/03/01 v1.3 Provides the ifluatex switch (HO)
Package ifluatex Info: LuaTeX not detected.
)
(/usr/local/texlive/2015/texmf-dist/tex/generic/oberdiek/ifpdf.sty
Package: ifpdf 2011/01/30 v2.3 Provides the ifpdf switch (HO)
Package ifpdf Info: pdfTeX in PDF mode is detected.
)
Package pdftexcmds Info: LuaTeX not detected.
Package pdftexcmds Info: \pdf@primitive is available.
Package pdftexcmds Info: \pdf@ifprimitive is available.
Package pdftexcmds Info: \pdfdraftmode found.
)
(/usr/local/texlive/2015/texmf-dist/tex/latex/oberdiek/epstopdf-base.sty
Package: epstopdf-base 2010/02/09 v2.5 Base part for package epstopdf

(/usr/local/texlive/2015/texmf-dist/tex/latex/oberdiek/grfext.sty
Package: grfext 2010/08/19 v1.1 Manage graphics extensions (HO)

(/usr/local/texlive/2015/texmf-dist/tex/generic/oberdiek/kvdefinekeys.sty
Package: kvdefinekeys 2011/04/07 v1.3 Define keys (HO)
))
(/usr/local/texlive/2015/texmf-dist/tex/latex/oberdiek/kvoptions.sty
Package: kvoptions 2011/06/30 v3.11 Key value format for package options (HO)

(/usr/local/texlive/2015/texmf-dist/tex/generic/oberdiek/kvsetkeys.sty
Package: kvsetkeys 2012/04/25 v1.16 Key value parser (HO)

(/usr/local/texlive/2015/texmf-dist/tex/generic/oberdiek/etexcmds.sty
Package: etexcmds 2011/02/16 v1.5 Avoid name clashes with e-TeX commands (HO)
Package etexcmds Info: Could not find \expanded.
(etexcmds)             That can mean that you are not using pdfTeX 1.50 or
(etexcmds)             that some package has redefined \expanded.
(etexcmds)             In the latter case, load this package earlier.
)))
Package grfext Info: Graphics extension search list:
(grfext)             [.png,.pdf,.jpg,.mps,.jpeg,.jbig2,.jb2,.PNG,.PDF,.JPG,.JPE
G,.JBIG2,.JB2,.eps]
(grfext)             \AppendGraphicsExtensions on input line 452.

(/usr/local/texlive/2015/texmf-dist/tex/latex/latexconfig/epstopdf-sys.cfg
File: epstopdf-sys.cfg 2010/07/13 v1.3 Configuration of (r)epstopdf for TeX Liv
e
))
Package caption Info: Begin \AtBeginDocument code.
Package caption Info: End \AtBeginDocument code.
LaTeX Font Info:    Try loading font information for U+lasy on input line 38.

(/usr/local/texlive/2015/texmf-dist/tex/latex/base/ulasy.fd
File: ulasy.fd 1998/08/17 v2.2e LaTeX symbol font definitions
)
LaTeX Font Info:    Try loading font information for U+msa on input line 38.

(/usr/local/texlive/2015/texmf-dist/tex/latex/amsfonts/umsa.fd
File: umsa.fd 2013/01/14 v3.01 AMS symbols A
)
LaTeX Font Info:    Try loading font information for U+msb on input line 38.

(/usr/local/texlive/2015/texmf-dist/tex/latex/amsfonts/umsb.fd
File: umsb.fd 2013/01/14 v3.01 AMS symbols B
)

LaTeX Warning: No \author given.


Underfull \hbox (badness 10000) in paragraph at lines 40--41

 []


Underfull \hbox (badness 10000) in paragraph at lines 42--43

 []

[1

{/usr/local/texlive/2015/texmf-var/fonts/map/pdftex/updmap/pdftex.map}]
LaTeX Font Info:    Font shape `T1/ptm/bx/n' in size <14.4> not available
(Font)              Font shape `T1/ptm/b/n' tried instead on input line 44.

[2]
LaTeX Font Info:    Font shape `T1/ptm/bx/n' in size <12> not available
(Font)              Font shape `T1/ptm/b/n' tried instead on input line 79.
 [3]
Underfull \hbox (badness 10000) in paragraph at lines 103--106

 []

LaTeX Font Info:    Font shape `T1/ptm/bx/n' in size <10.95> not available
(Font)              Font shape `T1/ptm/b/n' tried instead on input line 331.
[4] [5]
Underfull \hbox (badness 10000) in paragraph at lines 438--440

 []

[6]

Package amsmath Warning: Foreign command \atopwithdelims;
(amsmath)                \frac or \genfrac should be used instead
(amsmath)                 on input line 448.


Overfull \hbox (74.43158pt too wide) in paragraph at lines 450--450
[] 
 []


Underfull \hbox (badness 10000) in paragraph at lines 450--491

 []


Underfull \hbox (badness 10000) in paragraph at lines 450--491

 []


Overfull \hbox (7.1299pt too wide) in paragraph at lines 588--588
[] 
 []

[7]
Underfull \hbox (badness 10000) in paragraph at lines 597--599

 []


Underfull \hbox (badness 10000) in paragraph at lines 600--601

 []


Overfull \hbox (19.34416pt too wide) in paragraph at lines 607--607
[] 
 []


Underfull \hbox (badness 10000) in paragraph at lines 704--705

 []

[8]
Underfull \hbox (badness 10000) in paragraph at lines 771--774

 []

[9] [10]
Underfull \hbox (badness 10000) in paragraph at lines 906--907

 []


Underfull \hbox (badness 10000) in paragraph at lines 912--914

 []


Overfull \hbox (7.29597pt too wide) in paragraph at lines 917--917
[]\T1/ptm/b/n/14.4 Validation of each of the method-olog-i-cal steps us-ing R s
cripts 
 []

[11]
<nreads_2-boxplot_Freqs-Known_NoSeqErrors_Watt.pdf, id=52, 505.89pt x 505.89pt>
File: nreads_2-boxplot_Freqs-Known_NoSeqErrors_Watt.pdf Graphic file (type pdf)

<use nreads_2-boxplot_Freqs-Known_NoSeqErrors_Watt.pdf>
Package pdftex.def Info: nreads_2-boxplot_Freqs-Known_NoSeqErrors_Watt.pdf used
 on input line 924.
(pdftex.def)             Requested size: 108.0011pt x 108.00002pt.

<nreads_20-boxplot_Freqs-Known_NoSeqErrors_Watt.pdf, id=53, 505.89pt x 505.89pt
>
File: nreads_20-boxplot_Freqs-Known_NoSeqErrors_Watt.pdf Graphic file (type pdf
)
 <use nreads_20-boxplot_Freqs-Known_NoSeqErrors_Watt.pdf>
Package pdftex.def Info: nreads_20-boxplot_Freqs-Known_NoSeqErrors_Watt.pdf use
d on input line 928.
(pdftex.def)             Requested size: 108.0011pt x 108.00002pt.

<nreads_200-boxplot_Freqs-Known_NoSeqErrors_Watt.pdf, id=54, 505.89pt x 505.89p
t>
File: nreads_200-boxplot_Freqs-Known_NoSeqErrors_Watt.pdf Graphic file (type pd
f)
 <use nreads_200-boxplot_Freqs-Known_NoSeqErrors_Watt.pdf>
Package pdftex.def Info: nreads_200-boxplot_Freqs-Known_NoSeqErrors_Watt.pdf us
ed on input line 932.
(pdftex.def)             Requested size: 108.0011pt x 108.00002pt.

<nreads_20-boxplot_Freqs-UnKnown_NoSeqErrors_FuLi.pdf, id=55, 505.89pt x 505.89
pt>
File: nreads_20-boxplot_Freqs-UnKnown_NoSeqErrors_FuLi.pdf Graphic file (type p
df)
 <use nreads_20-boxplot_Freqs-UnKnown_NoSeqErrors_FuLi.pdf>
Package pdftex.def Info: nreads_20-boxplot_Freqs-UnKnown_NoSeqErrors_FuLi.pdf u
sed on input line 945.
(pdftex.def)             Requested size: 108.0011pt x 108.00002pt.

<nreads_20-boxplot_Freqs-UnKnown_NoSeqErrors_Watt.pdf, id=56, 505.89pt x 505.89
pt>
File: nreads_20-boxplot_Freqs-UnKnown_NoSeqErrors_Watt.pdf Graphic file (type p
df)
 <use nreads_20-boxplot_Freqs-UnKnown_NoSeqErrors_Watt.pdf>
Package pdftex.def Info: nreads_20-boxplot_Freqs-UnKnown_NoSeqErrors_Watt.pdf u
sed on input line 949.
(pdftex.def)             Requested size: 108.0011pt x 108.00002pt.

<nreads_20-boxplot_Freqs-UnKnown_NoSeqErrors_Tajima.pdf, id=57, 505.89pt x 505.
89pt>
File: nreads_20-boxplot_Freqs-UnKnown_NoSeqErrors_Tajima.pdf Graphic file (type
 pdf)
 <use nreads_20-boxplot_Freqs-UnKnown_NoSeqErrors_Tajima.pdf>
Package pdftex.def Info: nreads_20-boxplot_Freqs-UnKnown_NoSeqErrors_Tajima.pdf
 used on input line 953.
(pdftex.def)             Requested size: 108.0011pt x 108.00002pt.
 [12 <./nreads_2-boxplot_Freqs-Known_NoSeqErrors_Watt.pdf> <./nreads_20-boxplot
_Freqs-Known_NoSeqErrors_Watt.pdf> <./nreads_200-boxplot_Freqs-Known_NoSeqError
s_Watt.pdf>]
<theta_5x100_nreads_20-boxplot_Freqs-UnKnown_SeqErrors_FuLi.pdf, id=100, 505.89
pt x 505.89pt>
File: theta_5x100_nreads_20-boxplot_Freqs-UnKnown_SeqErrors_FuLi.pdf Graphic fi
le (type pdf)

<use theta_5x100_nreads_20-boxplot_Freqs-UnKnown_SeqErrors_FuLi.pdf>
Package pdftex.def Info: theta_5x100_nreads_20-boxplot_Freqs-UnKnown_SeqErrors_
FuLi.pdf used on input line 966.
(pdftex.def)             Requested size: 108.0011pt x 108.00002pt.

<theta_5x100_nreads_20-boxplot_Freqs-UnKnown_SeqErrors_Watt.pdf, id=101, 505.89
pt x 505.89pt>
File: theta_5x100_nreads_20-boxplot_Freqs-UnKnown_SeqErrors_Watt.pdf Graphic fi
le (type pdf)

<use theta_5x100_nreads_20-boxplot_Freqs-UnKnown_SeqErrors_Watt.pdf>
Package pdftex.def Info: theta_5x100_nreads_20-boxplot_Freqs-UnKnown_SeqErrors_
Watt.pdf used on input line 970.
(pdftex.def)             Requested size: 108.0011pt x 108.00002pt.

<theta_5x100_nreads_20-boxplot_Freqs-UnKnown_SeqErrors_Tajima.pdf, id=102, 505.
89pt x 505.89pt>
File: theta_5x100_nreads_20-boxplot_Freqs-UnKnown_SeqErrors_Tajima.pdf Graphic 
file (type pdf)

<use theta_5x100_nreads_20-boxplot_Freqs-UnKnown_SeqErrors_Tajima.pdf>
Package pdftex.def Info: theta_5x100_nreads_20-boxplot_Freqs-UnKnown_SeqErrors_
Tajima.pdf used on input line 974.
(pdftex.def)             Requested size: 108.0011pt x 108.00002pt.

<theta_1x100_nreads_20-boxplot_Freqs-UnKnown_SeqErrors_FuLi.pdf, id=103, 505.89
pt x 505.89pt>
File: theta_1x100_nreads_20-boxplot_Freqs-UnKnown_SeqErrors_FuLi.pdf Graphic fi
le (type pdf)

<use theta_1x100_nreads_20-boxplot_Freqs-UnKnown_SeqErrors_FuLi.pdf>
Package pdftex.def Info: theta_1x100_nreads_20-boxplot_Freqs-UnKnown_SeqErrors_
FuLi.pdf used on input line 978.
(pdftex.def)             Requested size: 108.0011pt x 108.00002pt.

<theta_1x100_nreads_20-boxplot_Freqs-UnKnown_SeqErrors_Watt.pdf, id=104, 505.89
pt x 505.89pt>
File: theta_1x100_nreads_20-boxplot_Freqs-UnKnown_SeqErrors_Watt.pdf Graphic fi
le (type pdf)

<use theta_1x100_nreads_20-boxplot_Freqs-UnKnown_SeqErrors_Watt.pdf>
Package pdftex.def Info: theta_1x100_nreads_20-boxplot_Freqs-UnKnown_SeqErrors_
Watt.pdf used on input line 982.
(pdftex.def)             Requested size: 108.0011pt x 108.00002pt.

<theta_1x100_nreads_20-boxplot_Freqs-UnKnown_SeqErrors_Tajima.pdf, id=105, 505.
89pt x 505.89pt>
File: theta_1x100_nreads_20-boxplot_Freqs-UnKnown_SeqErrors_Tajima.pdf Graphic 
file (type pdf)

<use theta_1x100_nreads_20-boxplot_Freqs-UnKnown_SeqErrors_Tajima.pdf>
Package pdftex.def Info: theta_1x100_nreads_20-boxplot_Freqs-UnKnown_SeqErrors_
Tajima.pdf used on input line 986.
(pdftex.def)             Requested size: 108.0011pt x 108.00002pt.
 [13 <./nreads_20-boxplot_Freqs-UnKnown_NoSeqErrors_FuLi.pdf> <./nreads_20-boxp
lot_Freqs-UnKnown_NoSeqErrors_Watt.pdf> <./nreads_20-boxplot_Freqs-UnKnown_NoSe
qErrors_Tajima.pdf>] [14 <./theta_5x100_nreads_20-boxplot_Freqs-UnKnown_SeqErro
rs_FuLi.pdf> <./theta_5x100_nreads_20-boxplot_Freqs-UnKnown_SeqErrors_Watt.pdf>
 <./theta_5x100_nreads_20-boxplot_Freqs-UnKnown_SeqErrors_Tajima.pdf> <./theta_
1x100_nreads_20-boxplot_Freqs-UnKnown_SeqErrors_FuLi.pdf> <./theta_1x100_nreads
_20-boxplot_Freqs-UnKnown_SeqErrors_Watt.pdf> <./theta_1x100_nreads_20-boxplot_
Freqs-UnKnown_SeqErrors_Tajima.pdf>]
Underfull \hbox (badness 10000) in paragraph at lines 1016--1019

 []


Underfull \hbox (badness 10000) in paragraph at lines 1027--1028

 []

[15] [16] (./PScaller.bbl [17]) [18] (./PScaller.aux) ) 
Here is how much of TeX's memory you used:
 6599 strings out of 493089
 94147 string characters out of 6134841
 163776 words of memory out of 5000000
 9913 multiletter control sequences out of 15000+600000
 49370 words of font info for 79 fonts, out of 8000000 for 9000
 1141 hyphenation exceptions out of 8191
 42i,26n,40p,1372b,547s stack positions out of 5000i,500n,10000p,200000b,80000s
{/usr/local/texlive/2015
/texmf-dist/fonts/enc/dvips/base/8r.enc}</usr/local/texlive/2015/texmf-dist/fon
ts/type1/public/amsfonts/cm/cmex10.pfb></usr/local/texlive/2015/texmf-dist/font
s/type1/public/amsfonts/cmextra/cmex8.pfb></usr/local/texlive/2015/texmf-dist/f
onts/type1/public/amsfonts/cm/cmmi10.pfb></usr/local/texlive/2015/texmf-dist/fo
nts/type1/public/amsfonts/cm/cmmi6.pfb></usr/local/texlive/2015/texmf-dist/font
s/type1/public/amsfonts/cm/cmmi8.pfb></usr/local/texlive/2015/texmf-dist/fonts/
type1/public/amsfonts/cm/cmr10.pfb></usr/local/texlive/2015/texmf-dist/fonts/ty
pe1/public/amsfonts/cm/cmr6.pfb></usr/local/texlive/2015/texmf-dist/fonts/type1
/public/amsfonts/cm/cmr8.pfb></usr/local/texlive/2015/texmf-dist/fonts/type1/pu
blic/amsfonts/cm/cmsy10.pfb></usr/local/texlive/2015/texmf-dist/fonts/type1/pub
lic/amsfonts/cm/cmsy6.pfb></usr/local/texlive/2015/texmf-dist/fonts/type1/publi
c/amsfonts/cm/cmsy8.pfb></usr/local/texlive/2015/texmf-dist/fonts/type1/public/
amsfonts/symbols/msam10.pfb></usr/local/texlive/2015/texmf-dist/fonts/type1/urw
/times/utmb8a.pfb></usr/local/texlive/2015/texmf-dist/fonts/type1/urw/times/utm
r8a.pfb></usr/local/texlive/2015/texmf-dist/fonts/type1/urw/times/utmri8a.pfb>
Output written on PScaller.pdf (18 pages, 378661 bytes).
PDF statistics:
 292 PDF objects out of 1000 (max. 8388607)
 183 compressed objects within 2 object streams
 0 named destinations out of 1000 (max. 500000)
 61 words of extra memory for PDF output out of 10000 (max. 10000000)

